# JRE version: Java(TM) SE Runtime Environment (8.0_25-b18) (build 1.8.0_25-b18)
# Java VM: Java HotSpot(TM) 64-Bit Server VM (25.25-b02 mixed mode windows-amd64 compressed oops)
Heap:
 PSYoungGen      total 115712K, used 65912K [0x000000076b300000, 0x0000000776700000, 0x00000007c0000000)
  eden space 111616K, 55% used [0x000000076b300000,0x000000076ef60db8,0x0000000772000000)
  from space 4096K, 99% used [0x0000000776300000,0x00000007766fd540,0x0000000776700000)
  to   space 8192K, 0% used [0x0000000775700000,0x0000000775700000,0x0000000775f00000)
 ParOldGen       total 140288K, used 34087K [0x00000006c1800000, 0x00000006ca100000, 0x000000076b300000)
  object space 140288K, 24% used [0x00000006c1800000,0x00000006c3949f70,0x00000006ca100000)
 Metaspace       used 50086K, capacity 50570K, committed 50944K, reserved 1093632K
  class space    used 6207K, capacity 6338K, committed 6400K, reserved 1048576K
GC Heap History (10 events):
Event: 20139.538 GC heap before
{Heap before GC invocations=77 (full 3):
 PSYoungGen      total 82944K, used 82928K [0x000000076b300000, 0x0000000776880000, 0x00000007c0000000)
  eden space 81920K, 100% used [0x000000076b300000,0x0000000770300000,0x0000000770300000)
  from space 1024K, 98% used [0x0000000776680000,0x000000077677c010,0x0000000776780000)
  to   space 1024K, 0% used [0x0000000776780000,0x0000000776780000,0x0000000776880000)
 ParOldGen       total 140288K, used 21254K [0x00000006c1800000, 0x00000006ca100000, 0x000000076b300000)
  object space 140288K, 15% used [0x00000006c1800000,0x00000006c2cc1860,0x00000006ca100000)
 Metaspace       used 49396K, capacity 49750K, committed 50432K, reserved 1093632K
  class space    used 6167K, capacity 6278K, committed 6400K, reserved 1048576K
Event: 20139.549 GC heap after
Heap after GC invocations=77 (full 3):
 PSYoungGen      total 88064K, used 1024K [0x000000076b300000, 0x0000000776880000, 0x00000007c0000000)
  eden space 87040K, 0% used [0x000000076b300000,0x000000076b300000,0x0000000770800000)
  from space 1024K, 100% used [0x0000000776780000,0x0000000776880000,0x0000000776880000)
  to   space 2048K, 0% used [0x0000000776480000,0x0000000776480000,0x0000000776680000)
 ParOldGen       total 140288K, used 22060K [0x00000006c1800000, 0x00000006ca100000, 0x000000076b300000)
  object space 140288K, 15% used [0x00000006c1800000,0x00000006c2d8b3d8,0x00000006ca100000)
 Metaspace       used 49396K, capacity 49750K, committed 50432K, reserved 1093632K
  class space    used 6167K, capacity 6278K, committed 6400K, reserved 1048576K
}
Event: 20142.229 GC heap before
{Heap before GC invocations=78 (full 3):
 PSYoungGen      total 88064K, used 88064K [0x000000076b300000, 0x0000000776880000, 0x00000007c0000000)
  eden space 87040K, 100% used [0x000000076b300000,0x0000000770800000,0x0000000770800000)
  from space 1024K, 100% used [0x0000000776780000,0x0000000776880000,0x0000000776880000)
  to   space 2048K, 0% used [0x0000000776480000,0x0000000776480000,0x0000000776680000)
 ParOldGen       total 140288K, used 22060K [0x00000006c1800000, 0x00000006ca100000, 0x000000076b300000)
  object space 140288K, 15% used [0x00000006c1800000,0x00000006c2d8b3d8,0x00000006ca100000)
 Metaspace       used 49408K, capacity 49756K, committed 50432K, reserved 1093632K
  class space    used 6168K, capacity 6279K, committed 6400K, reserved 1048576K
Event: 20142.254 GC heap after
Heap after GC invocations=78 (full 3):
 PSYoungGen      total 95232K, used 2048K [0x000000076b300000, 0x0000000776800000, 0x00000007c0000000)
  eden space 93184K, 0% used [0x000000076b300000,0x000000076b300000,0x0000000770e00000)
  from space 2048K, 100% used [0x0000000776480000,0x0000000776680000,0x0000000776680000)
  to   space 1536K, 0% used [0x0000000776680000,0x0000000776680000,0x0000000776800000)
 ParOldGen       total 140288K, used 23677K [0x00000006c1800000, 0x00000006ca100000, 0x000000076b300000)
  object space 140288K, 16% used [0x00000006c1800000,0x00000006c2f1f788,0x00000006ca100000)
 Metaspace       used 49408K, capacity 49756K, committed 50432K, reserved 1093632K
  class space    used 6168K, capacity 6279K, committed 6400K, reserved 1048576K
}
Event: 20144.841 GC heap before
{Heap before GC invocations=79 (full 3):
 PSYoungGen      total 95232K, used 95232K [0x000000076b300000, 0x0000000776800000, 0x00000007c0000000)
  eden space 93184K, 100% used [0x000000076b300000,0x0000000770e00000,0x0000000770e00000)
  from space 2048K, 100% used [0x0000000776480000,0x0000000776680000,0x0000000776680000)
  to   space 1536K, 0% used [0x0000000776680000,0x0000000776680000,0x0000000776800000)
 ParOldGen       total 140288K, used 23677K [0x00000006c1800000, 0x00000006ca100000, 0x000000076b300000)
  object space 140288K, 16% used [0x00000006c1800000,0x00000006c2f1f788,0x00000006ca100000)
 Metaspace       used 49425K, capacity 49780K, committed 50432K, reserved 1093632K
  class space    used 6170K, capacity 6283K, committed 6400K, reserved 1048576K
Event: 20144.851 GC heap after
Heap after GC invocations=79 (full 3):
 PSYoungGen      total 100864K, used 1520K [0x000000076b300000, 0x0000000776800000, 0x00000007c0000000)
  eden space 99328K, 0% used [0x000000076b300000,0x000000076b300000,0x0000000771400000)
  from space 1536K, 98% used [0x0000000776680000,0x00000007767fc010,0x0000000776800000)
  to   space 5120K, 0% used [0x0000000775e00000,0x0000000775e00000,0x0000000776300000)
 ParOldGen       total 140288K, used 29168K [0x00000006c1800000, 0x00000006ca100000, 0x000000076b300000)
  object space 140288K, 20% used [0x00000006c1800000,0x00000006c347c298,0x00000006ca100000)
 Metaspace       used 49425K, capacity 49780K, committed 50432K, reserved 1093632K
  class space    used 6170K, capacity 6283K, committed 6400K, reserved 1048576K
}
Event: 20148.123 GC heap before
{Heap before GC invocations=80 (full 3):
 PSYoungGen      total 100864K, used 100848K [0x000000076b300000, 0x0000000776800000, 0x00000007c0000000)
  eden space 99328K, 100% used [0x000000076b300000,0x0000000771400000,0x0000000771400000)
  from space 1536K, 98% used [0x0000000776680000,0x00000007767fc010,0x0000000776800000)
  to   space 5120K, 0% used [0x0000000775e00000,0x0000000775e00000,0x0000000776300000)
 ParOldGen       total 140288K, used 29168K [0x00000006c1800000, 0x00000006ca100000, 0x000000076b300000)
  object space 140288K, 20% used [0x00000006c1800000,0x00000006c347c298,0x00000006ca100000)
 Metaspace       used 49594K, capacity 50068K, committed 50688K, reserved 1093632K
  class space    used 6175K, capacity 6290K, committed 6400K, reserved 1048576K
Event: 20148.145 GC heap after
Heap after GC invocations=80 (full 3):
 PSYoungGen      total 111104K, used 5100K [0x000000076b300000, 0x0000000776700000, 0x00000007c0000000)
  eden space 105984K, 0% used [0x000000076b300000,0x000000076b300000,0x0000000771a80000)
  from space 5120K, 99% used [0x0000000775e00000,0x00000007762fb370,0x0000000776300000)
  to   space 4096K, 0% used [0x0000000776300000,0x0000000776300000,0x0000000776700000)
 ParOldGen       total 140288K, used 29983K [0x00000006c1800000, 0x00000006ca100000, 0x000000076b300000)
  object space 140288K, 21% used [0x00000006c1800000,0x00000006c3547ce0,0x00000006ca100000)
 Metaspace       used 49594K, capacity 50068K, committed 50688K, reserved 1093632K
  class space    used 6175K, capacity 6290K, committed 6400K, reserved 1048576K
}
Event: 20183.728 GC heap before
{Heap before GC invocations=81 (full 3):
 PSYoungGen      total 111104K, used 111084K [0x000000076b300000, 0x0000000776700000, 0x00000007c0000000)
  eden space 105984K, 100% used [0x000000076b300000,0x0000000771a80000,0x0000000771a80000)
  from space 5120K, 99% used [0x0000000775e00000,0x00000007762fb370,0x0000000776300000)
  to   space 4096K, 0% used [0x0000000776300000,0x0000000776300000,0x0000000776700000)
 ParOldGen       total 140288K, used 29983K [0x00000006c1800000, 0x00000006ca100000, 0x000000076b300000)
  object space 140288K, 21% used [0x00000006c1800000,0x00000006c3547ce0,0x00000006ca100000)
 Metaspace       used 50086K, capacity 50570K, committed 50944K, reserved 1093632K
  class space    used 6207K, capacity 6338K, committed 6400K, reserved 1048576K
Event: 20183.742 GC heap after
Heap after GC invocations=81 (full 3):
 PSYoungGen      total 115712K, used 4085K [0x000000076b300000, 0x0000000776700000, 0x00000007c0000000)
  eden space 111616K, 0% used [0x000000076b300000,0x000000076b300000,0x0000000772000000)
  from space 4096K, 99% used [0x0000000776300000,0x00000007766fd540,0x0000000776700000)
  to   space 8192K, 0% used [0x0000000775700000,0x0000000775700000,0x0000000775f00000)
 ParOldGen       total 140288K, used 34087K [0x00000006c1800000, 0x00000006ca100000, 0x000000076b300000)
  object space 140288K, 24% used [0x00000006c1800000,0x00000006c3949f70,0x00000006ca100000)
 Metaspace       used 50086K, capacity 50570K, committed 50944K, reserved 1093632K
  class space    used 6207K, capacity 6338K, committed 6400K, reserved 1048576K
}

